<?xml version="1.0" encoding="UTF-8" ?>
<testsuite errors="1" failures="0" hostname="Chris-PC" name="CommandParserImplTest" tests="1" time="0.063" timestamp="2011-10-20T11:26:21">
  <properties>
    <property name="ant.file.w10j1.tandem.commandparser-impl" value="D:\developing\NetBeansProjects\Tandem\CommandParser\nbproject\build-impl.xml" />
    <property name="netbeans.autoupdate.country" value="US" />
    <property name="release.dir" value="D:\developing\NetBeansProjects\Tandem\CommandParser\release" />
    <property name="nbm.module.author" value="" />
    <property name="libs.junit.javadoc" value="C:\Users\Chris\.netbeans\7.0\docs\junit-3.8.2-api.zip" />
    <property name="ant.core.lib" value="C:\Program Files\NetBeans 7.0.1\java\ant\lib\ant.jar" />
    <property name="build.compiler.debug" value="true" />
    <property name="libs.swing-app-framework.src" value="" />
    <property name="libs.toplink.classpath" value="C:\Program Files\NetBeans 7.0.1\java\modules\ext\toplink\toplink-essentials.jar;C:\Program Files\NetBeans 7.0.1\java\modules\ext\toplink\toplink-essentials-agent.jar" />
    <property name="user.dir" value="C:\Program Files\NetBeans 7.0.1" />
    <property name="libs.hibernate-persistence.javadoc" value="" />
    <property name="java.vm.version" value="21.0-b17" />
    <property name="libs.MySQLDriver.classpath" value="C:\Program Files\NetBeans 7.0.1\ide\modules\ext\mysql-connector-java-5.1.13-bin.jar" />
    <property name="build.test.qa-functional.dir" value="D:\developing\NetBeansProjects\Tandem\CommandParser\build\test\qa-functional" />
    <property name="libs.eclipselinkmodelgen.src" value="" />
    <property name="netbeans.autoupdate.version" value="1.23" />
    <property name="build.package.index" value="false" />
    <property name="libs.hibernate-support.maven-pom" value="" />
    <property name="libs.hibernate-support.javadoc" value="" />
    <property name="jdk.home" value="C:\Program Files\Java\jdk1.7.0" />
    <property name="nbm" value="w10j1-tandem-commandparser.nbm" />
    <property name="libs.javac-api.src" value="" />
    <property name="module.javadoc.packages" value="w10j1.tandem.commandparser.api" />
    <property name="javahelp.search" value="JavaHelpSearch" />
    <property name="sun.os.patch.level" value="Service Pack 1" />
    <property name="java.vm.specification.name" value="Java Virtual Machine Specification" />
    <property name="nb.show.statistics.ui" value="usageStatisticsEnabled" />
    <property name="netbeans.autoupdate.variant" value="" />
    <property name="cluster.path.basedir" value="D:\developing\NetBeansProjects\Tandem\CommandParser/.." />
    <property name="org.xml.sax.driver" value="com.sun.org.apache.xerces.internal.jaxp.SAXParserImpl$JAXPSAXParser" />
    <property name="test.unit.dir" value="D:\developing\NetBeansProjects\Tandem\CommandParser\test\unit" />
    <property name="libs.javac-api.javadoc" value="" />
    <property name="os.name" value="Windows 7" />
    <property name="public.packages" value="w10j1.tandem.commandparser.api.*" />
    <property name="module.files.toString" value="patternSet{ includes: [modules\ext\junit.jar, modules/w10j1-tandem-commandparser.jar, modules/docs/w10j1-tandem-commandparser.jar:if-&gt;has.javahelp, config/Modules/w10j1-tandem-commandparser.xml, config/ModuleAutoDeps/w10j1-tandem-commandparser.xml:if-&gt;has.module.auto.deps, ant/nblib/w10j1-tandem-commandparser.jar] excludes: [] }" />
    <property name="libs.beans-binding.classpath" value="C:\Program Files\NetBeans 7.0.1\java\modules\ext\beansbinding-1.2.1.jar" />
    <property name="test.unit.src.dir" value="D:\developing\NetBeansProjects\Tandem\CommandParser\test\unit\src" />
    <property name="ant.file.w10j1.tandem.commandparser" value="D:\developing\NetBeansProjects\Tandem\CommandParser\build.xml" />
    <property name="libs.JWSAntTasks.maven-pom" value="" />
    <property name="java.vendor.url.bug" value="http://bugreport.sun.com/bugreport/" />
    <property name="buildnumber" value="111020" />
    <property name="nbplatform.active" value="default" />
    <property name="libs.jaxb.maven-pom" value="" />
    <property name="extra.module.files" value="" />
    <property name="os.arch" value="amd64" />
    <property name="libs.eclipselink.src" value="" />
    <property name="user.name" value="Chris" />
    <property name="libs.swing-layout.maven-pom" value="" />
    <property name="sun.java.command" value="org.apache.tools.ant.taskdefs.optional.junit.JUnitTestRunner CommandParserImplTest filtertrace=true haltOnError=false haltOnFailure=false showoutput=true outputtoformatters=true logfailedtests=true logtestlistenerevents=true formatter=org.apache.tools.ant.taskdefs.optional.junit.BriefJUnitResultFormatter formatter=org.apache.tools.ant.taskdefs.optional.junit.XMLJUnitResultFormatter,D:\developing\NetBeansProjects\Tandem\CommandParser\build\test\unit\results\TEST-CommandParserImplTest.xml crashfile=D:\developing\NetBeansProjects\Tandem\CommandParser\build\test\unit\results\junitvmwatcher633624349968511178.properties propsfile=D:\developing\NetBeansProjects\Tandem\CommandParser\build\test\unit\results\junit2037078466012705253.properties" />
    <property name="build.classes.dir" value="D:\developing\NetBeansProjects\Tandem\CommandParser\build\classes" />
    <property name="netbeans.accept_license_class" value="org.netbeans.license.AcceptLicense" />
    <property name="build.sysclasspath" value="ignore" />
    <property name="libs.jaxws21.javadoc" value="C:\Program Files\NetBeans 7.0.1\java\docs\jaxws-api-doc.zip" />
    <property name="test.run.args" value="-ea" />
    <property name="module.processor.classpath" value="D:\developing\NetBeansProjects\Tandem\build\cluster\modules\com-mdimension-jchronic.jar:D:\developing\NetBeansProjects\Tandem\CommandParser\release\modules\ext\junit.jar" />
    <property name="user.country" value="US" />
    <property name="ant.file.type.harness" value="file" />
    <property name="ant.file.jdk" value="C:\Program Files\NetBeans 7.0.1\harness\jdk.xml" />
    <property name="dtd.cp" value="C:\Program Files\NetBeans 7.0.1\platform\core\org-openide-filesystems.jar" />
    <property name="disabled.modules" value="org.jdesktop.layout,org.netbeans.api.visual,org.netbeans.core.execution,org.netbeans.core.multiview,org.netbeans.libs.jsr223,org.netbeans.modules.autoupdate.services,org.netbeans.modules.autoupdate.ui,org.netbeans.modules.core.kit,org.netbeans.modules.favorites,org.netbeans.modules.templates,org.openide.compat,org.openide.execution,org.openide.options,org.openide.util.enumerations" />
    <property name="netbeans.home" value="C:\Program Files\NetBeans 7.0.1\platform" />
    <property name="build.compiler.emacs" value="true" />
    <property name="libs.ejb3-persistence.src" value="" />
    <property name="java.endorsed.dirs" value="C:\Program Files\Java\jdk1.7.0\jre\lib\endorsed" />
    <property name="user.language.format" value="zh" />
    <property name="test.includes" value="**/*Test.class" />
    <property name="netbeans.dynamic.classpath" value="C:\Program Files\NetBeans 7.0.1\platform\core\core.jar;C:\Program Files\NetBeans 7.0.1\platform\core\org-openide-filesystems.jar;C:\Program Files\NetBeans 7.0.1\platform\core\locale\core_ja.jar;C:\Program Files\NetBeans 7.0.1\platform\core\locale\core_pt_BR.jar;C:\Program Files\NetBeans 7.0.1\platform\core\locale\core_ru.jar;C:\Program Files\NetBeans 7.0.1\platform\core\locale\core_zh_CN.jar;C:\Program Files\NetBeans 7.0.1\platform\core\locale\org-openide-filesystems_ja.jar;C:\Program Files\NetBeans 7.0.1\platform\core\locale\org-openide-filesystems_pt_BR.jar;C:\Program Files\NetBeans 7.0.1\platform\core\locale\org-openide-filesystems_ru.jar;C:\Program Files\NetBeans 7.0.1\platform\core\locale\org-openide-filesystems_zh_CN.jar;C:\Program Files\NetBeans 7.0.1\nb\core\org-netbeans-upgrader.jar;C:\Program Files\NetBeans 7.0.1\nb\core\locale\core_nb.jar;C:\Program Files\NetBeans 7.0.1\nb\core\locale\core_nb_ja.jar;C:\Program Files\NetBeans 7.0.1\nb\core\locale\core_nb_pt_BR.jar;C:\Program Files\NetBeans 7.0.1\nb\core\locale\core_nb_ru.jar;C:\Program Files\NetBeans 7.0.1\nb\core\locale\core_nb_zh_CN.jar;C:\Program Files\NetBeans 7.0.1\nb\core\locale\org-netbeans-upgrader_ja.jar;C:\Program Files\NetBeans 7.0.1\nb\core\locale\org-netbeans-upgrader_pt_BR.jar;C:\Program Files\NetBeans 7.0.1\nb\core\locale\org-netbeans-upgrader_ru.jar;C:\Program Files\NetBeans 7.0.1\nb\core\locale\org-netbeans-upgrader_zh_CN.jar" />
    <property name="java.vm.specification.version" value="1.7" />
    <property name="test.excludes" value="" />
    <property name="libs.hibernate-persistence.classpath" value="C:\Program Files\NetBeans 7.0.1\java\modules\ext\hibernate\antlr-2.7.6.jar;C:\Program Files\NetBeans 7.0.1\java\modules\ext\hibernate\asm.jar;C:\Program Files\NetBeans 7.0.1\java\modules\ext\hibernate\asm-attrs.jar;C:\Program Files\NetBeans 7.0.1\java\modules\ext\hibernate\cglib-2.1.3.jar;C:\Program Files\NetBeans 7.0.1\java\modules\ext\hibernate\commons-collections-2.1.1.jar;C:\Program Files\NetBeans 7.0.1\ide\modules\ext\commons-logging-1.1.jar;C:\Program Files\NetBeans 7.0.1\java\modules\ext\hibernate\dom4j-1.6.1.jar;C:\Program Files\NetBeans 7.0.1\java\modules\ext\hibernate\ehcache-1.2.3.jar;C:\Program Files\NetBeans 7.0.1\java\modules\ext\hibernate\jdbc2_0-stdext.jar;C:\Program Files\NetBeans 7.0.1\java\modules\ext\hibernate\jta.jar;C:\Program Files\NetBeans 7.0.1\java\modules\ext\hibernate\hibernate3.jar;C:\Program Files\NetBeans 7.0.1\java\modules\ext\hibernate\hibernate-tools.jar;C:\Program Files\NetBeans 7.0.1\java\modules\ext\hibernate\hibernate-annotations.jar;C:\Program Files\NetBeans 7.0.1\java\modules\ext\hibernate\hibernate-commons-annotations.jar;C:\Program Files\NetBeans 7.0.1\java\modules\ext\hibernate\hibernate-entitymanager.jar;C:\Program Files\NetBeans 7.0.1\java\modules\ext\hibernate\javassist.jar;C:\Program Files\NetBeans 7.0.1\java\modules\ext\hibernate\ejb3-persistence.jar" />
    <property name="libs.jaxws21.src" value="" />
    <property name="libs.swing-app-framework.classpath" value="C:\Program Files\NetBeans 7.0.1\java\modules\ext\appframework-1.0.3.jar;C:\Program Files\NetBeans 7.0.1\java\modules\ext\swing-worker-1.1.jar" />
    <property name="netbeans.autoupdate.language" value="en" />
    <property name="cluster.path.final" value="C:\Program Files\NetBeans 7.0.1\platform:D:\developing\NetBeansProjects\Tandem\CommandParser/../build/cluster" />
    <property name="java.vendor" value="Oracle Corporation" />
    <property name="code.name.base.dashes" value="w10j1-tandem-commandparser" />
    <property name="file.separator" value="\" />
    <property name="module.run.classpath" value="D:\developing\NetBeansProjects\Tandem\build\cluster\modules\com-mdimension-jchronic.jar:D:\developing\NetBeansProjects\Tandem\CommandParser\release\modules\ext\junit.jar" />
    <property name="nbjdk.home.defaulted" value="true" />
    <property name="libs.junit_4.maven-pom" value="" />
    <property name="build.test.unit.work.dir" value="D:\developing\NetBeansProjects\Tandem\CommandParser\build\test\unit\work" />
    <property name="netbeans.buildnumber" value="201107282000" />
    <property name="libs.JWSAntTasks.javadoc" value="" />
    <property name="user.variant" value="" />
    <property name="libs.eclipselinkmodelgen.classpath" value="C:\Program Files\NetBeans 7.0.1\java\modules\ext\eclipselink\eclipselink-jpa-modelgen-2.2.0.jar" />
    <property name="nbm.needs.restart" value="false" />
    <property name="sun.java.launcher" value="SUN_STANDARD" />
    <property name="libs.junit.classpath" value="C:\Users\Chris\.netbeans\7.0\modules\ext\junit-3.8.2.jar" />
    <property name="libs.jaxb.javadoc" value="C:\Program Files\NetBeans 7.0.1\ide\docs\jaxb-api-doc.zip" />
    <property name="nbm.executable.files" value="[NOTHING]" />
    <property name="ant.home" value="C:\Program Files\NetBeans 7.0.1\java\ant" />
    <property name="libs.junit_4.src" value="C:\Users\Chris\.netbeans\7.0\docs\junit-4.8.2-src.jar" />
    <property name="libs.absolutelayout.maven-pom" value="" />
    <property name="ant.java.version" value="1.7" />
    <property name="java.library.path" value="C:\Program Files\Java\jdk1.7.0\jre\bin;C:\Windows\Sun\Java\bin;C:\Windows\system32;C:\Windows;D:\Temp\SocialNetwork.cspkg\roles\PhpOnAzure.Web\base\x86;D:\Temp\SocialNetwork.cspkg\roles\PhpOnAzure.Web\base\x86;D:\Temp\SocialNetwork.cspkg\roles\PhpOnAzure.Web\base\x86;D:\Temp\SocialNetwork\build\SocialNetwork.cspkg\roles\PhpOnAzure.Web\base\x86;D:\Temp\SocialNetwork\build\SocialNetwork.cspkg\roles\PhpOnAzure.Web\base\x86;D:\Temp\SocialNetwork\build\SocialNetwork.cspkg\roles\PhpOnAzure.Web\base\x86;D:\Temp\SocialNetwork\build\SocialNetwork.cspkg\roles\PhpOnAzure.Web\base\x86;D:\Temp\SocialNetwork\build\SocialNetwork.cspkg\roles\PhpOnAzure.Web\base\x86;C:\Program Files (x86)\PHP\;C:\Program Files (x86)\NVIDIA Corporation\PhysX\Common;C:\Windows\system32;C:\Windows;C:\Windows\System32\Wbem;C:\Windows\System32\WindowsPowerShell\v1.0\;C:\Program Files\Java\jdk1.7.0/bin;C:\Program Files\Java\jdk1.7.0/jre/bin;C:\Program Files (x86)\Groovy\Groovy-1.8.2\bin;C:\Program Files (x86)\Microsoft SQL Server\100\Tools\Binn\;C:\Program Files\Microsoft SQL Server\100\Tools\Binn\;C:\Program Files\Microsoft SQL Server\100\DTS\Binn\;C:\Program Files (x86)\Microsoft ASP.NET\ASP.NET Web Pages\v1.0\;c:\jruby-1.6.4\bin;." />
    <property name="build.test.unit.classes.dir" value="D:\developing\NetBeansProjects\Tandem\CommandParser\build\test\unit\classes" />
    <property name="ant.file.type.w10j1.tandem.commandparser-impl" value="file" />
    <property name="java.util.logging.config.class" value="org.netbeans.core.startup.TopLogging" />
    <property name="DSTAMP" value="20111020" />
    <property name="nbjunit.workdir" value="D:\developing\NetBeansProjects\Tandem\CommandParser\build\test\unit\work" />
    <property name="libs.PostgreSQLDriver.src" value="" />
    <property name="test.qa-functional.data.dir" value="D:\developing\NetBeansProjects\Tandem\CommandParser\test\qa-functional\data" />
    <property name="sun.arch.data.model" value="64" />
    <property name="basedir" value="D:\developing\NetBeansProjects\Tandem\CommandParser" />
    <property name="path.separator" value=";" />
    <property name="ant.junit.enabletestlistenerevents" value="true" />
    <property name="sun.io.unicode.encoding" value="UnicodeLittle" />
    <property name="libs.jaxws21.classpath" value="C:\Program Files\NetBeans 7.0.1\ide\modules\ext\jaxb\jaxb-impl.jar;C:\Program Files\NetBeans 7.0.1\ide\modules\ext\jaxb\jaxb-xjc.jar;C:\Program Files\NetBeans 7.0.1\java\modules\ext\jaxws22\FastInfoset.jar;C:\Program Files\NetBeans 7.0.1\java\modules\ext\jaxws22\gmbal-api-only.jar;C:\Program Files\NetBeans 7.0.1\java\modules\ext\jaxws22\http.jar;C:\Program Files\NetBeans 7.0.1\java\modules\ext\jaxws22\jaxws-rt.jar;C:\Program Files\NetBeans 7.0.1\java\modules\ext\jaxws22\jaxws-tools.jar;C:\Program Files\NetBeans 7.0.1\java\modules\ext\jaxws22\management-api.jar;C:\Program Files\NetBeans 7.0.1\java\modules\ext\jaxws22\mimepull.jar;C:\Program Files\NetBeans 7.0.1\java\modules\ext\jaxws22\policy.jar;C:\Program Files\NetBeans 7.0.1\java\modules\ext\jaxws22\saaj-impl.jar;C:\Program Files\NetBeans 7.0.1\java\modules\ext\jaxws22\stax-ex.jar;C:\Program Files\NetBeans 7.0.1\java\modules\ext\jaxws22\streambuffer.jar;C:\Program Files\NetBeans 7.0.1\java\modules\ext\jaxws22\woodstox.jar;C:\Program Files\NetBeans 7.0.1\java\modules\ext\jaxws22\api\jaxws-api.jar;C:\Program Files\NetBeans 7.0.1\java\modules\ext\jaxws22\api\jsr181-api.jar;C:\Program Files\NetBeans 7.0.1\java\modules\ext\jaxws22\api\jsr250-api.jar;C:\Program Files\NetBeans 7.0.1\java\modules\ext\jaxws22\api\saaj-api.jar;C:\Program Files\NetBeans 7.0.1\ide\modules\ext\jaxb\activation.jar;C:\Program Files\NetBeans 7.0.1\ide\modules\ext\jaxb\api\jaxb-api.jar;C:\Program Files\NetBeans 7.0.1\ide\modules\ext\jaxb\api\jsr173_api.jar" />
    <property name="TSTAMP" value="1926" />
    <property name="apple.awt.graphics.UseQuartz" value="true" />
    <property name="user.language" value="en" />
    <property name="libs.spring-framework.classpath" value="C:\Program Files\NetBeans 7.0.1\ide\modules\ext\commons-logging-1.1.jar;C:\Program Files\NetBeans 7.0.1\java\modules\ext\cglib-2.2.jar;C:\Program Files\NetBeans 7.0.1\java\modules\ext\spring\spring-2.5.6.SEC01.jar" />
    <property name="libs.eclipselink.maven-pom" value="" />
    <property name="module.classpath" value="D:\developing\NetBeansProjects\Tandem\build\public-package-jars\com-mdimension-jchronic.jar:D:\developing\NetBeansProjects\Tandem\CommandParser\release\modules\ext\junit.jar" />
    <property name="libs.spring-framework300.maven-pom" value="" />
    <property name="ant.project.invoked-targets" value="test-unit" />
    <property name="build.test.unit.results.dir" value="D:\developing\NetBeansProjects\Tandem\CommandParser\build\test\unit\results" />
    <property name="test-qa-functional-sys-prop.cluster.path.final" value="C:\Program Files\NetBeans 7.0.1\platform:D:\developing\NetBeansProjects\Tandem\CommandParser/../build/cluster" />
    <property name="libs.swing-layout.javadoc" value="C:\Program Files\NetBeans 7.0.1\platform\docs\swing-layout-1.0.4-doc.zip" />
    <property name="nbm.is.global" value="" />
    <property name="cluster.path.evaluated" value="C:\Program Files\NetBeans 7.0.1/platform" />
    <property name="libs.swing-app-framework.javadoc" value="C:\Program Files\NetBeans 7.0.1\java\docs\appframework-1.0.3-doc.zip" />
    <property name="libs.ejb3-persistence.maven-pom" value="" />
    <property name="libs.PostgreSQLDriver.maven-pom" value="" />
    <property name="java.class.version" value="51.0" />
    <property name="netbeans.system_http_proxy" value="DIRECT" />
    <property name="libs.eclipselink.javadoc" value="" />
    <property name="user.properties.file" value="C:\Users\Chris\.netbeans\7.0\build.properties" />
    <property name="libs.spring-framework.src" value="" />
    <property name="libs.javac-api.maven-pom" value="" />
    <property name="file.encoding.pkg" value="sun.io" />
    <property name="sun.cpu.endian" value="little" />
    <property name="harness.taskdefs.done" value="true" />
    <property name="code.name.base" value="w10j1.tandem.commandparser" />
    <property name="java.home.parent" value="C:\Program Files\Java\jdk1.7.0" />
    <property name="libs.JWSAntTasks.classpath" value="C:\Program Files\NetBeans 7.0.1\java\ant\extra\org-netbeans-modules-javawebstart-anttasks.jar" />
    <property name="libs.spring-framework300.src" value="" />
    <property name="test.qa-functional.runtime.cp" value="C:/Program Files/NetBeans 7.0.1/platform/lib/org-openide-util.jar" />
    <property name="is.jar.uptodate" value="true" />
    <property name="test.qa-functional.cp.extra" value="" />
    <property name="nbplatform.default.harness.dir" value="C:\Program Files\NetBeans 7.0.1/harness" />
    <property name="cp.extra" value="" />
    <property name="java.home" value="C:\Program Files\Java\jdk1.7.0\jre" />
    <property name="javahelp.jar.dir" value="modules/docs" />
    <property name="netbeans.importclass" value="org.netbeans.upgrade.AutoUpgrade" />
    <property name="ant.project.default-target" value="netbeans" />
    <property name="ant.file.harness" value="C:\Program Files\NetBeans 7.0.1\harness\build.xml" />
    <property name="libs.toplink.maven-pom" value="" />
    <property name="public.package.jar.dir" value="D:\developing\NetBeansProjects\Tandem\CommandParser/../build/public-package-jars" />
    <property name="class.path.extensions" value="ext/junit.jar" />
    <property name="libs.PostgreSQLDriver.javadoc" value="" />
    <property name="nbm.distribution" value="" />
    <property name="libs.MySQLDriver.maven-pom" value="" />
    <property name="libs.junit_4.javadoc" value="C:\Users\Chris\.netbeans\7.0\docs\junit-4.8.2-api.zip" />
    <property name="libs.toplink.src" value="" />
    <property name="libs.hibernate-support.src" value="" />
    <property name="module.build.started.time" value="2011-10-20T19:26:20.831+0800" />
    <property name="build.test.qa-functional.classes.dir" value="D:\developing\NetBeansProjects\Tandem\CommandParser\build\test\qa-functional\classes" />
    <property name="module.dependencies" value="com.mdimension.jchronic &gt; 1.0" />
    <property name="sun.management.compiler" value="HotSpot 64-Bit Tiered Compilers" />
    <property name="sun.java2d.noddraw" value="true" />
    <property name="tools.jar" value="C:\Program Files\Java\jdk1.7.0\lib\tools.jar" />
    <property name="javac.compilerargs" value="-Xlint -Xlint:-serial" />
    <property name="ant.file" value="D:\developing\NetBeansProjects\Tandem\CommandParser\build.xml" />
    <property name="libs.beans-binding.maven-pom" value="" />
    <property name="ant.file.projectized-common" value="C:\Program Files\NetBeans 7.0.1\harness\common.xml" />
    <property name="nbjdk.home" value="C:\Program Files\Java\jdk1.7.0" />
    <property name="test.unit.data.dir" value="D:\developing\NetBeansProjects\Tandem\CommandParser\test\unit\data" />
    <property name="sun.awt.exception.handler" value="org.netbeans.core.startup.TopLogging$AWTHandler" />
    <property name="libs.beans-binding.src" value="" />
    <property name="javahelp.jar.basename" value="w10j1-tandem-commandparser.jar" />
    <property name="nbm.homepage" value="" />
    <property name="java.vm.specification.vendor" value="Oracle Corporation" />
    <property name="libs.swing-layout.src" value="C:\Program Files\NetBeans 7.0.1\platform\docs\swing-layout-1.0.4-src.zip" />
    <property name="nbm.release.date" value="" />
    <property name="test.timeout" value="600000" />
    <property name="org.openide.major.version" value="IDE/1" />
    <property name="java.vm.name" value="Java HotSpot(TM) 64-Bit Server VM" />
    <property name="build.javahelp.dir" value="D:\developing\NetBeansProjects\Tandem\CommandParser\build\javahelp" />
    <property name="build.test.unit.dir" value="D:\developing\NetBeansProjects\Tandem\CommandParser\build\test\unit" />
    <property name="build.test.qa-functional.results.dir" value="D:\developing\NetBeansProjects\Tandem\CommandParser\build\test\qa-functional\results" />
    <property name="netbeans.user" value="C:\Users\Chris\.netbeans\7.0" />
    <property name="ant.file.type.jdk" value="file" />
    <property name="java.io.tmpdir" value="C:\Users\Chris\AppData\Local\Temp\" />
    <property name="java.vendor.url" value="http://java.oracle.com/" />
    <property name="org.openide.awt.ActionReference.completion" value="org.netbeans.modules.apisupport.project.layers.PathCompletions" />
    <property name="sun.boot.library.path" value="C:\Program Files\Java\jdk1.7.0\jre\bin" />
    <property name="manifest.mf" value="D:\developing\NetBeansProjects\Tandem\CommandParser\manifest.mf" />
    <property name="java.runtime.name" value="Java(TM) SE Runtime Environment" />
    <property name="ant.project.name" value="w10j1.tandem.commandparser" />
    <property name="test.config.default.excludes" value="" />
    <property name="javahelp.base" value="w10j1/tandem/commandparser/docs" />
    <property name="javahelp.jar" value="modules/docs/w10j1-tandem-commandparser.jar" />
    <property name="netbeans.hash.code" value="unique=NB_JAVA0ff12a059-07b8-4b14-ac25-c9d5c5d0d512_39954aac-2a16-45db-8181-9ca4f8c7a967" />
    <property name="sun.cpu.isalist" value="amd64" />
    <property name="libs.CopyLibs.javadoc" value="" />
    <property name="test.qa-functional.dir" value="D:\developing\NetBeansProjects\Tandem\CommandParser\test\qa-functional" />
    <property name="netbeans.javadoc.dir" value="D:\developing\NetBeansProjects\Tandem\CommandParser\build\javadoc" />
    <property name="org.openide.specification.version" value="6.2" />
    <property name="libs.hibernate-support.classpath" value="C:\Program Files\NetBeans 7.0.1\java\modules\ext\hibernate\antlr-2.7.6.jar;C:\Program Files\NetBeans 7.0.1\java\modules\ext\hibernate\asm.jar;C:\Program Files\NetBeans 7.0.1\java\modules\ext\hibernate\asm-attrs.jar;C:\Program Files\NetBeans 7.0.1\java\modules\ext\hibernate\cglib-2.1.3.jar;C:\Program Files\NetBeans 7.0.1\java\modules\ext\hibernate\commons-collections-2.1.1.jar;C:\Program Files\NetBeans 7.0.1\ide\modules\ext\commons-logging-1.1.jar;C:\Program Files\NetBeans 7.0.1\java\modules\ext\hibernate\dom4j-1.6.1.jar;C:\Program Files\NetBeans 7.0.1\java\modules\ext\hibernate\ehcache-1.2.3.jar;C:\Program Files\NetBeans 7.0.1\java\modules\ext\hibernate\jdbc2_0-stdext.jar;C:\Program Files\NetBeans 7.0.1\java\modules\ext\hibernate\jta.jar;C:\Program Files\NetBeans 7.0.1\java\modules\ext\hibernate\hibernate3.jar;C:\Program Files\NetBeans 7.0.1\java\modules\ext\hibernate\hibernate-tools.jar;C:\Program Files\NetBeans 7.0.1\java\modules\ext\hibernate\hibernate-annotations.jar;C:\Program Files\NetBeans 7.0.1\java\modules\ext\hibernate\hibernate-commons-annotations.jar;C:\Program Files\NetBeans 7.0.1\java\modules\ext\hibernate\hibernate-entitymanager.jar;C:\Program Files\NetBeans 7.0.1\java\modules\ext\hibernate\javassist.jar" />
    <property name="ant.file.type.projectized-common" value="file" />
    <property name="user.home" value="C:\Users\Chris" />
    <property name="suite.build.dir" value="D:\developing\NetBeansProjects\Tandem\CommandParser/../build" />
    <property name="libs.JWSAntTasks.src" value="" />
    <property name="libs.CopyLibs.maven-pom" value="" />
    <property name="libs.spring-framework300.javadoc" value="" />
    <property name="libs.hibernate-persistence.maven-pom" value="" />
    <property name="libs.absolutelayout.javadoc" value="" />
    <property name="java.specification.name" value="Java Platform API Specification" />
    <property name="libs.swing-app-framework.maven-pom" value="" />
    <property name="test.unit.cp.extra" value="" />
    <property name="java.specification.vendor" value="Oracle Corporation" />
    <property name="libs.javac-api.classpath" value="C:\Program Files\NetBeans 7.0.1\java\modules\ext\javac-api-nb-7.0-b07.jar" />
    <property name="java.version" value="1.7.0" />
    <property name="test-unit-sys-prop.cluster.path.final" value="C:\Program Files\NetBeans 7.0.1\platform:D:\developing\NetBeansProjects\Tandem\CommandParser/../build/cluster" />
    <property name="libs.MySQLDriver.javadoc" value="" />
    <property name="org.openide.version" value="deprecated" />
    <property name="libs.eclipselinkmodelgen.maven-pom" value="" />
    <property name="ant.file.no-testcoverage" value="C:\Program Files\NetBeans 7.0.1\harness\no-testcoverage.xml" />
    <property name="is.regular" value="true" />
    <property name="libs.junit.maven-pom" value="" />
    <property name="libs.eclipselinkmodelgen.javadoc" value="" />
    <property name="apple.awt.UIElement" value="true" />
    <property name="libs.jaxb.src" value="" />
    <property name="libs.jaxb.classpath" value="C:\Program Files\NetBeans 7.0.1\ide\modules\ext\jaxb\jaxb-impl.jar;C:\Program Files\NetBeans 7.0.1\ide\modules\ext\jaxb\jaxb-xjc.jar;C:\Program Files\NetBeans 7.0.1\ide\modules\ext\jaxb\jaxb1-impl.jar;C:\Program Files\NetBeans 7.0.1\ide\modules\ext\jaxb\activation.jar;C:\Program Files\NetBeans 7.0.1\ide\modules\ext\jaxb\api\jaxb-api.jar;C:\Program Files\NetBeans 7.0.1\ide\modules\ext\jaxb\api\jsr173_api.jar" />
    <property name="testcoverage.import" value="no-testcoverage.xml" />
    <property name="libs.swing-layout.classpath" value="C:\Program Files\NetBeans 7.0.1\platform\modules\ext\swing-layout-1.0.4.jar" />
    <property name="test.config" value="default" />
    <property name="javac.source" value="1.6" />
    <property name="libs.hibernate-persistence.src" value="" />
    <property name="line.separator" value="&#xd;&#xa;" />
    <property name="java.specification.version" value="1.7" />
    <property name="libs.jaxws21.maven-pom" value="" />
    <property name="java.vm.info" value="mixed mode" />
    <property name="test.filter.trace" value="true" />
    <property name="user.country.format" value="CN" />
    <property name="libs.spring-framework.maven-pom" value="" />
    <property name="sun.boot.class.path" value="C:\Program Files\Java\jdk1.7.0\jre\lib\resources.jar;C:\Program Files\Java\jdk1.7.0\jre\lib\rt.jar;C:\Program Files\Java\jdk1.7.0\jre\lib\sunrsasign.jar;C:\Program Files\Java\jdk1.7.0\jre\lib\jsse.jar;C:\Program Files\Java\jdk1.7.0\jre\lib\jce.jar;C:\Program Files\Java\jdk1.7.0\jre\lib\charsets.jar;C:\Program Files\Java\jdk1.7.0\jre\classes" />
    <property name="javac.target" value="1.6" />
    <property name="module.jar.basename" value="w10j1-tandem-commandparser.jar" />
    <property name="src.dir" value="D:\developing\NetBeansProjects\Tandem\CommandParser\src" />
    <property name="sun.awt.keepWorkingSetOnMinimize" value="true" />
    <property name="build.compiler.optimize" value="off" />
    <property name="nbplatform.active.dir" value="C:\Program Files\NetBeans 7.0.1" />
    <property name="nbplatform.default.netbeans.dest.dir" value="C:\Program Files\NetBeans 7.0.1" />
    <property name="test.qa-functional.src.dir" value="D:\developing\NetBeansProjects\Tandem\CommandParser\test\qa-functional\src" />
    <property name="has.release.dir" value="true" />
    <property name="code.name.base.slashes" value="w10j1/tandem/commandparser" />
    <property name="ant.file.type.no-testcoverage" value="file" />
    <property name="java.awt.printerjob" value="sun.awt.windows.WPrinterJob" />
    <property name="TODAY" value="October 20 2011" />
    <property name="default.javac.source" value="1.7" />
    <property name="release.files.extra" value="" />
    <property name="libs.MySQLDriver.src" value="" />
    <property name="sun.jnu.encoding" value="GBK" />
    <property name="suite.dir" value="D:\developing\NetBeansProjects\Tandem\CommandParser/.." />
    <property name="build.test.qa-functional.work.dir" value="D:\developing\NetBeansProjects\Tandem\CommandParser\build\test\qa-functional\work" />
    <property name="java.runtime.version" value="1.7.0-b147" />
    <property name="libs.ejb3-persistence.javadoc" value="" />
    <property name="cluster" value="D:\developing\NetBeansProjects\Tandem\CommandParser/../build/cluster" />
    <property name="default.javac.target" value="1.7" />
    <property name="libs.junit_4.classpath" value="C:\Users\Chris\.netbeans\7.0\modules\ext\junit-4.8.2.jar" />
    <property name="user.timezone" value="" />
    <property name="test.dist.dir" value="D:\developing\NetBeansProjects\Tandem\CommandParser/../build/testdist" />
    <property name="release.files" value="modules\ext\junit.jar" />
    <property name="netbeans.dirs" value="C:\Program Files\NetBeans 7.0.1\nb;C:\Program Files\NetBeans 7.0.1\ergonomics;C:\Program Files\NetBeans 7.0.1\ide;C:\Program Files\NetBeans 7.0.1\java;C:\Program Files\NetBeans 7.0.1\xml;C:\Program Files\NetBeans 7.0.1\apisupport;C:\Program Files\NetBeans 7.0.1\webcommon;C:\Program Files\NetBeans 7.0.1\websvccommon;C:\Program Files\NetBeans 7.0.1\enterprise;C:\Program Files\NetBeans 7.0.1\mobility;C:\Program Files\NetBeans 7.0.1\profiler;C:\Program Files\NetBeans 7.0.1\ruby;C:\Program Files\NetBeans 7.0.1\python;C:\Program Files\NetBeans 7.0.1\php;C:\Program Files\NetBeans 7.0.1\visualweb;C:\Program Files\NetBeans 7.0.1\soa;C:\Program Files\NetBeans 7.0.1\identity;C:\Program Files\NetBeans 7.0.1\uml;C:\Program Files\NetBeans 7.0.1\harness;C:\Program Files\NetBeans 7.0.1\cnd;C:\Program Files\NetBeans 7.0.1\dlight;C:\Program Files\NetBeans 7.0.1\groovy;C:\Program Files\NetBeans 7.0.1\extra;C:\Program Files\NetBeans 7.0.1\javafx;C:\Program Files\NetBeans 7.0.1\javacard" />
    <property name="jar-excludes" value="**/*.java,**/*.form,**/package.html,**/doc-files/" />
    <property name="java.ext.dirs" value="C:\Program Files\Java\jdk1.7.0\jre\lib\ext;C:\Windows\Sun\Java\lib\ext" />
    <property name="libs.absolutelayout.classpath" value="C:\Users\Chris\.netbeans\7.0\modules\ext\AbsoluteLayout.jar" />
    <property name="cluster.path" value="${nbplatform.active.dir}/platform" />
    <property name="java.class.path" value="D:\developing\NetBeansProjects\Tandem\CommandParser\build\test\unit\classes;D:\developing\NetBeansProjects\Tandem\build\cluster\modules\w10j1-tandem-commandparser.jar;D:\developing\NetBeansProjects\Tandem\build\cluster\modules\com-mdimension-jchronic.jar;D:\developing\NetBeansProjects\Tandem\CommandParser\release\modules\ext\junit.jar;D:\developing\NetBeansProjects\Tandem\CommandParser;C:\Program Files\Java\jdk1.7.0\lib\dt.jar;C:\Program Files\Java\jdk1.7.0\lib\tools.jar;C:\Program Files\NetBeans 7.0.1\java\ant\lib\ant-launcher.jar;C:\Program Files\NetBeans 7.0.1\java\ant\lib\ant.jar;C:\Program Files\NetBeans 7.0.1\java\ant\lib\ant-junit.jar;C:\Program Files\NetBeans 7.0.1\java\ant\lib\ant-junit4.jar" />
    <property name="apple.laf.useScreenMenuBar" value="true" />
    <property name="exists.test.unit.src.dir" value="true" />
    <property name="have-jdk-1.7" value="true" />
    <property name="libs.absolutelayout.src" value="" />
    <property name="have-jdk-1.6" value="true" />
    <property name="have-jdk-1.5" value="true" />
    <property name="have-jdk-1.4" value="true" />
    <property name="harness.dir" value="C:\Program Files\NetBeans 7.0.1/harness" />
    <property name="os.version" value="6.1" />
    <property name="sun.awt.enableExtraMouseButtons" value="true" />
    <property name="libs.toplink.javadoc" value="" />
    <property name="sun.desktop" value="windows" />
    <property name="test.config.default.includes" value="**/*Test.class" />
    <property name="libs.eclipselink.classpath" value="C:\Program Files\NetBeans 7.0.1\java\modules\ext\eclipselink\eclipselink-2.2.0.jar;C:\Program Files\NetBeans 7.0.1\java\modules\ext\eclipselink\eclipselink-javax.persistence-2.0.jar" />
    <property name="build.compiler.deprecation" value="true" />
    <property name="java.awt.graphicsenv" value="sun.awt.Win32GraphicsEnvironment" />
    <property name="libs.beans-binding.javadoc" value="C:\Program Files\NetBeans 7.0.1\java\docs\beansbinding-1.2.1-doc.zip" />
    <property name="java.vm.vendor" value="Oracle Corporation" />
    <property name="libs.CopyLibs.classpath" value="C:\Program Files\NetBeans 7.0.1\java\ant\extra\org-netbeans-modules-java-j2seproject-copylibstask.jar" />
    <property name="libs.spring-framework300.classpath" value="C:\Program Files\NetBeans 7.0.1\ide\modules\ext\commons-logging-1.1.jar;C:\Program Files\NetBeans 7.0.1\java\modules\ext\cglib-2.2.jar;C:\Program Files\NetBeans 7.0.1\java\modules\ext\spring-3.0\spring-aop-3.0.2.RELEASE.jar;C:\Program Files\NetBeans 7.0.1\java\modules\ext\spring-3.0\spring-asm-3.0.2.RELEASE.jar;C:\Program Files\NetBeans 7.0.1\java\modules\ext\spring-3.0\spring-aspects-3.0.2.RELEASE.jar;C:\Program Files\NetBeans 7.0.1\java\modules\ext\spring-3.0\spring-beans-3.0.2.RELEASE.jar;C:\Program Files\NetBeans 7.0.1\java\modules\ext\spring-3.0\spring-context-3.0.2.RELEASE.jar;C:\Program Files\NetBeans 7.0.1\java\modules\ext\spring-3.0\spring-context-support-3.0.2.RELEASE.jar;C:\Program Files\NetBeans 7.0.1\java\modules\ext\spring-3.0\spring-core-3.0.2.RELEASE.jar;C:\Program Files\NetBeans 7.0.1\java\modules\ext\spring-3.0\spring-expression-3.0.2.RELEASE.jar;C:\Program Files\NetBeans 7.0.1\java\modules\ext\spring-3.0\spring-instrument-3.0.2.RELEASE.jar;C:\Program Files\NetBeans 7.0.1\java\modules\ext\spring-3.0\spring-instrument-tomcat-3.0.2.RELEASE.jar;C:\Program Files\NetBeans 7.0.1\java\modules\ext\spring-3.0\spring-jdbc-3.0.2.RELEASE.jar;C:\Program Files\NetBeans 7.0.1\java\modules\ext\spring-3.0\spring-jms-3.0.2.RELEASE.jar;C:\Program Files\NetBeans 7.0.1\java\modules\ext\spring-3.0\spring-orm-3.0.2.RELEASE.jar;C:\Program Files\NetBeans 7.0.1\java\modules\ext\spring-3.0\spring-oxm-3.0.2.RELEASE.jar;C:\Program Files\NetBeans 7.0.1\java\modules\ext\spring-3.0\spring-test-3.0.2.RELEASE.jar;C:\Program Files\NetBeans 7.0.1\java\modules\ext\spring-3.0\spring-tx-3.0.2.RELEASE.jar;C:\Program Files\NetBeans 7.0.1\java\modules\ext\spring-3.0\spring-web-3.0.2.RELEASE.jar;C:\Program Files\NetBeans 7.0.1\java\modules\ext\spring-3.0\spring-webmvc-portlet-3.0.2.RELEASE.jar;C:\Program Files\NetBeans 7.0.1\java\modules\ext\spring-3.0\spring-webmvc-3.0.2.RELEASE.jar;C:\Program Files\NetBeans 7.0.1\java\modules\ext\spring-3.0\spring-struts-3.0.2.RELEASE.jar" />
    <property name="module.jar.dir" value="modules" />
    <property name="build.package.compress" value="false" />
    <property name="build.compiler.debuglevel" value="source,lines,vars" />
    <property name="ant.file.type.w10j1.tandem.commandparser" value="file" />
    <property name="libs.ejb3-persistence.classpath" value="C:\Program Files\NetBeans 7.0.1\java\modules\ext\hibernate\ejb3-persistence.jar" />
    <property name="license.file" value="D:\developing\NetBeansProjects\Tandem\CommandParser\build\no-license.txt" />
    <property name="libs.spring-framework.javadoc" value="" />
    <property name="user.script" value="" />
    <property name="libs.PostgreSQLDriver.classpath" value="C:\Program Files\NetBeans 7.0.1\ide\modules\ext\postgresql-8.3-603.jdbc3.jar" />
    <property name="module.auto.deps.xml" value="D:\developing\NetBeansProjects\Tandem\CommandParser\module-auto-deps.xml" />
    <property name="libs.junit.src" value="" />
    <property name="test.bootclasspath.prepend.args" value="" />
    <property name="libs.CopyLibs.src" value="" />
    <property name="build.dir" value="D:\developing\NetBeansProjects\Tandem\CommandParser\build" />
    <property name="module.jar.verifylinkageignores" value="" />
    <property name="module.jar" value="modules/w10j1-tandem-commandparser.jar" />
    <property name="ant.version" value="Apache Ant(TM) version 1.8.2 compiled on December 20 2010" />
    <property name="file.encoding" value="GBK" />
    <property name="awt.toolkit" value="sun.awt.windows.WToolkit" />
  </properties>
  <testcase classname="CommandParserImplTest" name="initializationError" time="0.006">
    <error message="org/hamcrest/SelfDescribing" type="java.lang.NoClassDefFoundError">java.lang.NoClassDefFoundError: org/hamcrest/SelfDescribing
	at java.lang.ClassLoader.defineClass1(Native Method)
	at java.lang.ClassLoader.defineClass(ClassLoader.java:791)
	at java.security.SecureClassLoader.defineClass(SecureClassLoader.java:142)
	at java.net.URLClassLoader.defineClass(URLClassLoader.java:449)
	at java.net.URLClassLoader.access$100(URLClassLoader.java:71)
	at java.net.URLClassLoader$1.run(URLClassLoader.java:361)
	at java.net.URLClassLoader$1.run(URLClassLoader.java:355)
	at java.security.AccessController.doPrivileged(Native Method)
	at java.net.URLClassLoader.findClass(URLClassLoader.java:354)
	at java.lang.ClassLoader.loadClass(ClassLoader.java:423)
	at sun.misc.Launcher$AppClassLoader.loadClass(Launcher.java:308)
	at java.lang.ClassLoader.loadClass(ClassLoader.java:356)
	at java.lang.reflect.Constructor.newInstance(Constructor.java:525)
Caused by: java.lang.ClassNotFoundException: org.hamcrest.SelfDescribing
	at java.net.URLClassLoader$1.run(URLClassLoader.java:366)
	at java.net.URLClassLoader$1.run(URLClassLoader.java:355)
	at java.security.AccessController.doPrivileged(Native Method)
	at java.net.URLClassLoader.findClass(URLClassLoader.java:354)
	at java.lang.ClassLoader.loadClass(ClassLoader.java:423)
	at sun.misc.Launcher$AppClassLoader.loadClass(Launcher.java:308)
	at java.lang.ClassLoader.loadClass(ClassLoader.java:356)
</error>
  </testcase>
  <system-out><![CDATA[]]></system-out>
  <system-err><![CDATA[]]></system-err>
</testsuite>
